<?xml version="1.0" encoding="UTF-8" standalone="no"?>
<testsuite failures="0" name="cucumber.runtime.formatter.JUnitFormatter" skipped="0" tests="1" time="0">
<testcase classname="Free CRM Application Test" name="Validate Free CRM Home Page Test" time="0">
<system-out><![CDATA[Given user opens browser....................................................skipped
Then user is on Login Page..................................................skipped
Then user enters username and password......................................skipped
Then user clicks on login button............................................skipped
Then Home Page is Displayed.................................................skipped
]]></system-out>
</testcase>
</testsuite>
